00:10:13.999 [main] INFO  ROOT - Sandbox verbosity changed to INFO 
00:10:18.308 [sandbox-akka.actor.default-dispatcher-4] INFO  akka.event.slf4j.Slf4jLogger - Slf4jLogger started 
00:10:22.284 [sandbox-akka.actor.default-dispatcher-5] INFO  c.d.platform.apiserver.ApiServices - DAML LF Engine supports LF versions: 0, 0.dev, 1.0, 1.1, 1.2, 1.3, 1.4, 1.5, 1.6, 1.7, 1.dev; Transaction versions: 1, 2, 3, 4, 5, 6, 7, 8, 9; Value versions: 1, 2, 3, 4, 5, 6, 7 (context: {participantId=sandbox-participant}) 
00:10:26.690 [sandbox-akka.actor.default-dispatcher-5] INFO  c.d.p.apiserver.LedgerApiServer - Listening on localhost:6865 over plain text. (context: {participantId=sandbox-participant}) 
00:10:26.726 [sandbox-akka.actor.default-dispatcher-5] INFO  c.d.platform.sandbox.SandboxServer - Initialized sandbox version 100.13.54 with ledger-id = sandbox-860c11cb-5a71-45b2-82e4-f0b1079eb96d, port = 6865, dar file = List(./.daml/dist/quickstart-0.0.1.dar), time mode = static time, ledger = in-memory, auth-service = AuthServiceWildcard$ 
00:40:39.892 [sandbox-akka.actor.default-dispatcher-72] INFO  c.d.p.a.services.ApiCommandService - Shutting down Command Service (context: {participantId=sandbox-participant}) 
00:40:39.893 [sandbox-akka.actor.default-dispatcher-72] INFO  c.d.p.a.services.tracking.TrackerMap - Shutting down 0 trackers (context: {participantId=sandbox-participant}) 
00:40:39.941 [sandbox-akka.actor.default-dispatcher-72] WARN  akka.actor.CoordinatedShutdown - Could not addJvmShutdownHook, due to: Shutdown in progress akkaAddress=akka://sandbox, sourceThread=pool-1-thread-7, akkaSource=CoordinatedShutdown(akka://sandbox), sourceActorSystem=sandbox, akkaTimestamp=19:10:39.939UTC
20:02:53.801 [main] INFO  ROOT - Sandbox verbosity changed to INFO 
20:02:54.662 [sandbox-akka.actor.default-dispatcher-5] INFO  akka.event.slf4j.Slf4jLogger - Slf4jLogger started 
20:02:56.979 [sandbox-akka.actor.default-dispatcher-6] INFO  c.d.platform.apiserver.ApiServices - DAML LF Engine supports LF versions: 0, 0.dev, 1.0, 1.1, 1.2, 1.3, 1.4, 1.5, 1.6, 1.7, 1.dev; Transaction versions: 1, 2, 3, 4, 5, 6, 7, 8, 9; Value versions: 1, 2, 3, 4, 5, 6, 7 (context: {participantId=sandbox-participant}) 
20:02:57.606 [sandbox-akka.actor.default-dispatcher-6] INFO  c.d.p.a.services.ApiCommandService - Shutting down Command Service (context: {participantId=sandbox-participant}) 
20:02:57.607 [sandbox-akka.actor.default-dispatcher-6] INFO  c.d.p.a.services.tracking.TrackerMap - Shutting down 0 trackers (context: {participantId=sandbox-participant}) 
20:02:57.821 [main] ERROR c.d.resources.ProgramResource - Shutting down because of an initialization error. 
com.digitalasset.platform.apiserver.LedgerApiServer$UnableToBind: LedgerApiServer was unable to bind to port 6865. User should terminate the process occupying the port, or choose a different one.
Caused by: java.net.BindException: Address already in use
	at sun.nio.ch.Net.bind0(Native Method)
	at sun.nio.ch.Net.bind(Net.java:433)
	at sun.nio.ch.Net.bind(Net.java:425)
	at sun.nio.ch.ServerSocketChannelImpl.bind(ServerSocketChannelImpl.java:220)
	at io.netty.channel.socket.nio.NioServerSocketChannel.doBind(NioServerSocketChannel.java:132)
	at io.netty.channel.AbstractChannel$AbstractUnsafe.bind(AbstractChannel.java:551)
	at io.netty.channel.DefaultChannelPipeline$HeadContext.bind(DefaultChannelPipeline.java:1332)
	at io.netty.channel.AbstractChannelHandlerContext.invokeBind(AbstractChannelHandlerContext.java:503)
	at io.netty.channel.AbstractChannelHandlerContext.bind(AbstractChannelHandlerContext.java:488)
	at io.netty.channel.DefaultChannelPipeline.bind(DefaultChannelPipeline.java:984)
	at io.netty.channel.AbstractChannel.bind(AbstractChannel.java:247)
	at io.netty.bootstrap.AbstractBootstrap$2.run(AbstractBootstrap.java:355)
	at io.netty.util.concurrent.AbstractEventExecutor.safeExecute(AbstractEventExecutor.java:163)
	at io.netty.util.concurrent.SingleThreadEventExecutor.runAllTasks(SingleThreadEventExecutor.java:416)
	at io.netty.channel.nio.NioEventLoop.run(NioEventLoop.java:515)
	at io.netty.util.concurrent.SingleThreadEventExecutor$5.run(SingleThreadEventExecutor.java:918)
	at io.netty.util.internal.ThreadExecutorMap$2.run(ThreadExecutorMap.java:74)
	at io.netty.util.concurrent.FastThreadLocalRunnable.run(FastThreadLocalRunnable.java:30)
	at java.lang.Thread.run(Thread.java:748)
20:05:52.208 [main] INFO  ROOT - Sandbox verbosity changed to INFO 
20:05:52.912 [sandbox-akka.actor.default-dispatcher-4] INFO  akka.event.slf4j.Slf4jLogger - Slf4jLogger started 
20:05:54.901 [sandbox-akka.actor.default-dispatcher-5] INFO  c.d.platform.apiserver.ApiServices - DAML LF Engine supports LF versions: 0, 0.dev, 1.0, 1.1, 1.2, 1.3, 1.4, 1.5, 1.6, 1.7, 1.dev; Transaction versions: 1, 2, 3, 4, 5, 6, 7, 8, 9; Value versions: 1, 2, 3, 4, 5, 6, 7 (context: {participantId=sandbox-participant}) 
20:05:55.512 [sandbox-akka.actor.default-dispatcher-5] INFO  c.d.p.apiserver.LedgerApiServer - Listening on localhost:6865 over plain text. (context: {participantId=sandbox-participant}) 
20:05:55.532 [sandbox-akka.actor.default-dispatcher-5] INFO  c.d.platform.sandbox.SandboxServer - Initialized sandbox version 100.13.54 with ledger-id = sandbox-4fe74360-fb63-4181-8291-579ea1d1f28e, port = 6865, dar file = List(./.daml/dist/quickstart-0.0.1.dar), time mode = static time, ledger = in-memory, auth-service = AuthServiceWildcard$ 
20:15:12.836 [main] INFO  ROOT - Sandbox verbosity changed to INFO 
20:15:14.385 [sandbox-akka.actor.default-dispatcher-4] INFO  akka.event.slf4j.Slf4jLogger - Slf4jLogger started 
20:15:17.220 [sandbox-akka.actor.default-dispatcher-4] INFO  c.d.platform.apiserver.ApiServices - DAML LF Engine supports LF versions: 0, 0.dev, 1.0, 1.1, 1.2, 1.3, 1.4, 1.5, 1.6, 1.7, 1.dev; Transaction versions: 1, 2, 3, 4, 5, 6, 7, 8, 9; Value versions: 1, 2, 3, 4, 5, 6, 7 (context: {participantId=sandbox-participant}) 
20:15:18.659 [sandbox-akka.actor.default-dispatcher-4] INFO  c.d.p.apiserver.LedgerApiServer - Listening on localhost:6865 over plain text. (context: {participantId=sandbox-participant}) 
20:15:18.679 [sandbox-akka.actor.default-dispatcher-4] INFO  c.d.platform.sandbox.SandboxServer - Initialized sandbox version 100.13.54 with ledger-id = sandbox-0302309a-2ada-4bab-965a-58e29a4902ae, port = 6865, dar file = List(./.daml/dist/quickstart-0.0.1.dar), time mode = static time, ledger = in-memory, auth-service = AuthServiceWildcard$ 
01:46:10.709 [main] INFO  ROOT - Sandbox verbosity changed to INFO 
01:46:11.403 [sandbox-akka.actor.default-dispatcher-5] INFO  akka.event.slf4j.Slf4jLogger - Slf4jLogger started 
01:46:13.462 [sandbox-akka.actor.default-dispatcher-6] INFO  c.d.platform.apiserver.ApiServices - DAML LF Engine supports LF versions: 0, 0.dev, 1.0, 1.1, 1.2, 1.3, 1.4, 1.5, 1.6, 1.7, 1.dev; Transaction versions: 1, 2, 3, 4, 5, 6, 7, 8, 9; Value versions: 1, 2, 3, 4, 5, 6, 7 (context: {participantId=sandbox-participant}) 
01:46:13.993 [sandbox-akka.actor.default-dispatcher-6] INFO  c.d.p.apiserver.LedgerApiServer - Listening on localhost:6865 over plain text. (context: {participantId=sandbox-participant}) 
01:46:14.009 [sandbox-akka.actor.default-dispatcher-6] INFO  c.d.platform.sandbox.SandboxServer - Initialized sandbox version 100.13.54 with ledger-id = sandbox-14a16bb6-ace6-46d8-8f3d-5b3e15c1fb76, port = 6865, dar file = List(./.daml/dist/quickstart-0.0.1.dar), time mode = static time, ledger = in-memory, auth-service = AuthServiceWildcard$ 
01:48:05.053 [sandbox-akka.actor.default-dispatcher-13] INFO  c.d.p.a.services.ApiCommandService - Shutting down Command Service (context: {participantId=sandbox-participant}) 
01:48:05.055 [sandbox-akka.actor.default-dispatcher-13] INFO  c.d.p.a.services.tracking.TrackerMap - Shutting down 0 trackers (context: {participantId=sandbox-participant}) 
01:48:05.131 [sandbox-akka.actor.default-dispatcher-13] WARN  akka.actor.CoordinatedShutdown - Could not addJvmShutdownHook, due to: Shutdown in progress akkaAddress=akka://sandbox, sourceThread=pool-1-thread-6, akkaSource=CoordinatedShutdown(akka://sandbox), sourceActorSystem=sandbox, akkaTimestamp=20:18:05.128UTC
01:48:44.080 [main] INFO  ROOT - Sandbox verbosity changed to INFO 
01:48:44.782 [sandbox-akka.actor.default-dispatcher-5] INFO  akka.event.slf4j.Slf4jLogger - Slf4jLogger started 
01:48:46.870 [sandbox-akka.actor.default-dispatcher-6] INFO  c.d.platform.apiserver.ApiServices - DAML LF Engine supports LF versions: 0, 0.dev, 1.0, 1.1, 1.2, 1.3, 1.4, 1.5, 1.6, 1.7, 1.dev; Transaction versions: 1, 2, 3, 4, 5, 6, 7, 8, 9; Value versions: 1, 2, 3, 4, 5, 6, 7 (context: {participantId=sandbox-participant}) 
01:48:47.418 [sandbox-akka.actor.default-dispatcher-6] INFO  c.d.p.apiserver.LedgerApiServer - Listening on localhost:6865 over plain text. (context: {participantId=sandbox-participant}) 
01:48:47.438 [sandbox-akka.actor.default-dispatcher-6] INFO  c.d.platform.sandbox.SandboxServer - Initialized sandbox version 100.13.54 with ledger-id = sandbox-eaa7ba71-1314-4ffc-9d3c-58c7b489daf9, port = 6865, dar file = List(./.daml/dist/quickstart-0.0.1.dar), time mode = static time, ledger = in-memory, auth-service = AuthServiceWildcard$ 
01:58:13.483 [sandbox-akka.actor.default-dispatcher-28] INFO  c.d.p.a.services.ApiCommandService - Shutting down Command Service (context: {participantId=sandbox-participant}) 
01:58:13.484 [sandbox-akka.actor.default-dispatcher-28] INFO  c.d.p.a.services.tracking.TrackerMap - Shutting down 0 trackers (context: {participantId=sandbox-participant}) 
01:58:13.529 [sandbox-akka.actor.default-dispatcher-28] WARN  akka.actor.CoordinatedShutdown - Could not addJvmShutdownHook, due to: Shutdown in progress akkaAddress=akka://sandbox, sourceThread=pool-1-thread-5, akkaSource=CoordinatedShutdown(akka://sandbox), sourceActorSystem=sandbox, akkaTimestamp=20:28:13.526UTC
01:58:43.554 [main] INFO  ROOT - Sandbox verbosity changed to INFO 
01:58:44.240 [sandbox-akka.actor.default-dispatcher-5] INFO  akka.event.slf4j.Slf4jLogger - Slf4jLogger started 
01:58:46.352 [sandbox-akka.actor.default-dispatcher-6] INFO  c.d.platform.apiserver.ApiServices - DAML LF Engine supports LF versions: 0, 0.dev, 1.0, 1.1, 1.2, 1.3, 1.4, 1.5, 1.6, 1.7, 1.dev; Transaction versions: 1, 2, 3, 4, 5, 6, 7, 8, 9; Value versions: 1, 2, 3, 4, 5, 6, 7 (context: {participantId=sandbox-participant}) 
01:58:46.871 [sandbox-akka.actor.default-dispatcher-6] INFO  c.d.p.apiserver.LedgerApiServer - Listening on localhost:6865 over plain text. (context: {participantId=sandbox-participant}) 
01:58:46.886 [sandbox-akka.actor.default-dispatcher-6] INFO  c.d.platform.sandbox.SandboxServer - Initialized sandbox version 100.13.54 with ledger-id = sandbox-6d162765-9e15-4e99-8882-60f4ccf26d27, port = 6865, dar file = List(./.daml/dist/quickstart-0.0.1.dar), time mode = static time, ledger = in-memory, auth-service = AuthServiceWildcard$ 
02:45:10.045 [sandbox-akka.actor.default-dispatcher-102] INFO  c.d.p.a.services.ApiCommandService - Shutting down Command Service (context: {participantId=sandbox-participant}) 
02:45:10.046 [sandbox-akka.actor.default-dispatcher-102] INFO  c.d.p.a.services.tracking.TrackerMap - Shutting down 0 trackers (context: {participantId=sandbox-participant}) 
02:45:10.098 [sandbox-akka.actor.default-dispatcher-102] WARN  akka.actor.CoordinatedShutdown - Could not addJvmShutdownHook, due to: Shutdown in progress akkaAddress=akka://sandbox, sourceThread=pool-1-thread-7, akkaSource=CoordinatedShutdown(akka://sandbox), sourceActorSystem=sandbox, akkaTimestamp=21:15:10.093UTC
02:45:43.406 [main] INFO  ROOT - Sandbox verbosity changed to INFO 
02:45:44.089 [sandbox-akka.actor.default-dispatcher-4] INFO  akka.event.slf4j.Slf4jLogger - Slf4jLogger started 
02:45:46.063 [sandbox-akka.actor.default-dispatcher-5] INFO  c.d.platform.apiserver.ApiServices - DAML LF Engine supports LF versions: 0, 0.dev, 1.0, 1.1, 1.2, 1.3, 1.4, 1.5, 1.6, 1.7, 1.dev; Transaction versions: 1, 2, 3, 4, 5, 6, 7, 8, 9; Value versions: 1, 2, 3, 4, 5, 6, 7 (context: {participantId=sandbox-participant}) 
02:45:46.553 [sandbox-akka.actor.default-dispatcher-5] INFO  c.d.p.apiserver.LedgerApiServer - Listening on localhost:6865 over plain text. (context: {participantId=sandbox-participant}) 
02:45:46.572 [sandbox-akka.actor.default-dispatcher-5] INFO  c.d.platform.sandbox.SandboxServer - Initialized sandbox version 100.13.54 with ledger-id = sandbox-6d767e16-062e-4cbf-845a-ab50bf350209, port = 6865, dar file = List(./.daml/dist/quickstart-0.0.1.dar), time mode = static time, ledger = in-memory, auth-service = AuthServiceWildcard$ 
02:55:39.700 [sandbox-akka.actor.default-dispatcher-32] INFO  c.d.p.a.services.ApiCommandService - Shutting down Command Service (context: {participantId=sandbox-participant}) 
02:55:39.700 [sandbox-akka.actor.default-dispatcher-32] INFO  c.d.p.a.services.tracking.TrackerMap - Shutting down 0 trackers (context: {participantId=sandbox-participant}) 
02:55:39.756 [sandbox-akka.actor.default-dispatcher-32] WARN  akka.actor.CoordinatedShutdown - Could not addJvmShutdownHook, due to: Shutdown in progress akkaAddress=akka://sandbox, sourceThread=pool-1-thread-5, akkaSource=CoordinatedShutdown(akka://sandbox), sourceActorSystem=sandbox, akkaTimestamp=21:25:39.754UTC
03:12:15.378 [main] INFO  ROOT - Sandbox verbosity changed to INFO 
03:12:16.117 [sandbox-akka.actor.default-dispatcher-4] INFO  akka.event.slf4j.Slf4jLogger - Slf4jLogger started 
03:12:18.228 [sandbox-akka.actor.default-dispatcher-5] INFO  c.d.platform.apiserver.ApiServices - DAML LF Engine supports LF versions: 0, 0.dev, 1.0, 1.1, 1.2, 1.3, 1.4, 1.5, 1.6, 1.7, 1.dev; Transaction versions: 1, 2, 3, 4, 5, 6, 7, 8, 9; Value versions: 1, 2, 3, 4, 5, 6, 7 (context: {participantId=sandbox-participant}) 
03:12:18.949 [sandbox-akka.actor.default-dispatcher-5] INFO  c.d.p.apiserver.LedgerApiServer - Listening on localhost:6865 over plain text. (context: {participantId=sandbox-participant}) 
03:12:18.978 [sandbox-akka.actor.default-dispatcher-5] INFO  c.d.platform.sandbox.SandboxServer - Initialized sandbox version 100.13.54 with ledger-id = sandbox-3d02c249-61f1-4631-bab9-80335d5d6bc9, port = 6865, dar file = List(./.daml/dist/quickstart-0.0.1.dar), time mode = static time, ledger = in-memory, auth-service = AuthServiceWildcard$ 
03:24:08.599 [sandbox-akka.actor.default-dispatcher-34] INFO  c.d.p.a.services.ApiCommandService - Shutting down Command Service (context: {participantId=sandbox-participant}) 
03:24:08.599 [sandbox-akka.actor.default-dispatcher-34] INFO  c.d.p.a.services.tracking.TrackerMap - Shutting down 0 trackers (context: {participantId=sandbox-participant}) 
03:24:08.650 [sandbox-akka.actor.default-dispatcher-34] WARN  akka.actor.CoordinatedShutdown - Could not addJvmShutdownHook, due to: Shutdown in progress akkaAddress=akka://sandbox, sourceThread=pool-1-thread-6, akkaSource=CoordinatedShutdown(akka://sandbox), sourceActorSystem=sandbox, akkaTimestamp=21:54:08.648UTC
04:00:56.153 [main] INFO  ROOT - Sandbox verbosity changed to INFO 
04:00:56.884 [sandbox-akka.actor.default-dispatcher-4] INFO  akka.event.slf4j.Slf4jLogger - Slf4jLogger started 
04:00:59.118 [sandbox-akka.actor.default-dispatcher-5] INFO  c.d.platform.apiserver.ApiServices - DAML LF Engine supports LF versions: 0, 0.dev, 1.0, 1.1, 1.2, 1.3, 1.4, 1.5, 1.6, 1.7, 1.dev; Transaction versions: 1, 2, 3, 4, 5, 6, 7, 8, 9; Value versions: 1, 2, 3, 4, 5, 6, 7 (context: {participantId=sandbox-participant}) 
04:00:59.637 [sandbox-akka.actor.default-dispatcher-5] INFO  c.d.p.apiserver.LedgerApiServer - Listening on localhost:6865 over plain text. (context: {participantId=sandbox-participant}) 
04:00:59.653 [sandbox-akka.actor.default-dispatcher-5] INFO  c.d.platform.sandbox.SandboxServer - Initialized sandbox version 100.13.54 with ledger-id = sandbox-940bbb6e-d9c4-46bd-87a7-6d0414599d17, port = 6865, dar file = List(./.daml/dist/quickstart-0.0.1.dar), time mode = static time, ledger = in-memory, auth-service = AuthServiceWildcard$ 
04:53:35.952 [sandbox-akka.actor.default-dispatcher-122] ERROR c.d.p.a.s.ApiSubmissionService - Submission of command has failed. (context: {participantId=sandbox-participant, commandId=fa280deb-a2cb-45d5-bc78-819ed882f2bc, parties=[U1]}) 
com.digitalasset.platform.server.api.ApiException: INVALID_ARGUMENT: Command interpretation error in LF-DAMLe: Interpretation error: Error: User abort: Assertion failed. Details: Last location: [DA.Internal.Assert:20], partial transaction: <empty transaction>.
04:54:28.785 [sandbox-akka.actor.default-dispatcher-126] ERROR c.d.p.a.s.ApiSubmissionService - Submission of command has failed. (context: {participantId=sandbox-participant, commandId=1db3b379-e5a9-4e86-b4db-7a0b65ccdeb8, parties=[U1]}) 
com.digitalasset.platform.server.api.ApiException: INVALID_ARGUMENT: Command interpretation error in LF-DAMLe: Interpretation error: Error: User abort: Assertion failed. Details: Last location: [DA.Internal.Assert:20], partial transaction: <empty transaction>.
04:58:46.286 [sandbox-akka.actor.default-dispatcher-135] ERROR c.d.p.a.s.ApiSubmissionService - Submission of command has failed. (context: {participantId=sandbox-participant, commandId=ed42422c-edb5-4b5a-a712-b88c2f224204, parties=[U1]}) 
com.digitalasset.platform.server.api.ApiException: INVALID_ARGUMENT: Command interpretation error in LF-DAMLe: Interpretation error: Error: User abort: Assertion failed. Details: Last location: [DA.Internal.Assert:20], partial transaction: <empty transaction>.
04:59:21.309 [sandbox-akka.actor.default-dispatcher-137] ERROR c.d.p.a.s.ApiSubmissionService - Submission of command has failed. (context: {participantId=sandbox-participant, commandId=6de8daa8-1668-448f-b2fb-40bdc20dd13a, parties=[U1]}) 
com.digitalasset.platform.server.api.ApiException: INVALID_ARGUMENT: Command interpretation error in LF-DAMLe: Interpretation error: Error: User abort: Assertion failed. Details: Last location: [DA.Internal.Assert:20], partial transaction: <empty transaction>.
05:00:34.184 [sandbox-akka.actor.default-dispatcher-144] ERROR c.d.p.a.s.ApiSubmissionService - Submission of command has failed. (context: {participantId=sandbox-participant, commandId=5529d7cc-653e-40d0-ad67-3bc78d429192, parties=[U1]}) 
com.digitalasset.platform.server.api.ApiException: INVALID_ARGUMENT: Command interpretation error in LF-DAMLe: Interpretation error: Error: User abort: Assertion failed. Details: Last location: [DA.Internal.Assert:20], partial transaction: <empty transaction>.
05:02:03.749 [sandbox-akka.actor.default-dispatcher-147] ERROR c.d.p.a.s.ApiSubmissionService - Submission of command has failed. (context: {participantId=sandbox-participant, commandId=b742990a-901a-4523-85b2-1e82917d856b, parties=[U1]}) 
com.digitalasset.platform.server.api.ApiException: INVALID_ARGUMENT: Command interpretation error in LF-DAMLe: Interpretation error: Error: User abort: Assertion failed. Details: Last location: [DA.Internal.Assert:20], partial transaction: <empty transaction>.
05:07:18.131 [sandbox-akka.actor.default-dispatcher-163] ERROR c.d.p.a.s.ApiSubmissionService - Submission of command has failed. (context: {participantId=sandbox-participant, commandId=e0e71891-69ed-4bf7-84eb-8e29482e9834, parties=[U1]}) 
com.digitalasset.platform.server.api.ApiException: INVALID_ARGUMENT: Command interpretation error in LF-DAMLe: Interpretation error: Error: User abort: Assertion failed. Details: Last location: [DA.Internal.Assert:20], partial transaction: <empty transaction>.
05:08:58.519 [sandbox-akka.actor.default-dispatcher-169] ERROR c.d.p.a.s.ApiSubmissionService - Submission of command has failed. (context: {participantId=sandbox-participant, commandId=9dd85446-b0c2-4405-a61f-935d37b68d57, parties=[U1]}) 
com.digitalasset.platform.server.api.ApiException: INVALID_ARGUMENT: Command interpretation error in LF-DAMLe: Interpretation error: Error: User abort: Assertion failed. Details: Last location: [DA.Internal.Assert:20], partial transaction: <empty transaction>.
15:54:29.672 [sandbox-akka.actor.default-dispatcher-892] ERROR c.d.p.a.s.ApiSubmissionService - Submission of command has failed. (context: {participantId=sandbox-participant, commandId=d186b02b-1a3f-4d81-9226-1995e7093937, parties=[U3]}) 
com.digitalasset.platform.server.api.ApiException: INVALID_ARGUMENT: Command interpretation error in LF-DAMLe: dependency error: couldn't find contract AbsoluteContractId(#59:1). Details: N/A.
15:57:25.389 [sandbox-akka.actor.default-dispatcher-901] ERROR c.d.p.a.s.ApiSubmissionService - Submission of command has failed. (context: {participantId=sandbox-participant, commandId=8e87a3fc-15b4-4a40-8104-c9c4d3731cdc, parties=[U3]}) 
com.digitalasset.platform.server.api.ApiException: INVALID_ARGUMENT: Command interpretation error in LF-DAMLe: dependency error: couldn't find contract AbsoluteContractId(#65:1). Details: N/A.
15:59:33.027 [sandbox-akka.actor.default-dispatcher-906] ERROR c.d.p.a.s.ApiSubmissionService - Submission of command has failed. (context: {participantId=sandbox-participant, commandId=3b88456d-0b0d-4053-98b0-2844f7f06b9d, parties=[U3]}) 
com.digitalasset.platform.server.api.ApiException: INVALID_ARGUMENT: Command interpretation error in LF-DAMLe: dependency error: couldn't find contract AbsoluteContractId(#68:1). Details: N/A.
15:59:49.436 [sandbox-akka.actor.default-dispatcher-908] INFO  c.d.p.a.services.ApiCommandService - Shutting down Command Service (context: {participantId=sandbox-participant}) 
15:59:49.437 [sandbox-akka.actor.default-dispatcher-908] INFO  c.d.p.a.services.tracking.TrackerMap - Shutting down 0 trackers (context: {participantId=sandbox-participant}) 
15:59:49.487 [sandbox-akka.actor.default-dispatcher-908] WARN  akka.actor.CoordinatedShutdown - Could not addJvmShutdownHook, due to: Shutdown in progress akkaAddress=akka://sandbox, sourceThread=pool-1-thread-6, akkaSource=CoordinatedShutdown(akka://sandbox), sourceActorSystem=sandbox, akkaTimestamp=10:29:49.485UTC
15:59:52.852 [main] INFO  ROOT - Sandbox verbosity changed to INFO 
15:59:53.545 [sandbox-akka.actor.default-dispatcher-5] INFO  akka.event.slf4j.Slf4jLogger - Slf4jLogger started 
15:59:55.750 [sandbox-akka.actor.default-dispatcher-6] INFO  c.d.platform.apiserver.ApiServices - DAML LF Engine supports LF versions: 0, 0.dev, 1.0, 1.1, 1.2, 1.3, 1.4, 1.5, 1.6, 1.7, 1.dev; Transaction versions: 1, 2, 3, 4, 5, 6, 7, 8, 9; Value versions: 1, 2, 3, 4, 5, 6, 7 (context: {participantId=sandbox-participant}) 
15:59:56.281 [sandbox-akka.actor.default-dispatcher-6] INFO  c.d.p.apiserver.LedgerApiServer - Listening on localhost:6865 over plain text. (context: {participantId=sandbox-participant}) 
15:59:56.295 [sandbox-akka.actor.default-dispatcher-6] INFO  c.d.platform.sandbox.SandboxServer - Initialized sandbox version 100.13.54 with ledger-id = sandbox-710600d2-fa6d-4ab1-90ff-af4dc52f16d2, port = 6865, dar file = List(./.daml/dist/quickstart-0.0.1.dar), time mode = static time, ledger = in-memory, auth-service = AuthServiceWildcard$ 
16:00:19.709 [sandbox-akka.actor.default-dispatcher-10] ERROR c.d.p.a.s.ApiSubmissionService - Submission of command has failed. (context: {participantId=sandbox-participant, commandId=89710f1c-630f-413b-b454-30fcb2ed31ed, parties=[U3]}) 
com.digitalasset.platform.server.api.ApiException: INVALID_ARGUMENT: Command interpretation error in LF-DAMLe: dependency error: couldn't find contract AbsoluteContractId(#1:1). Details: N/A.
16:03:37.062 [sandbox-akka.actor.default-dispatcher-20] ERROR c.d.p.a.s.ApiSubmissionService - Submission of command has failed. (context: {participantId=sandbox-participant, commandId=2fea1edc-d500-49ae-bcd9-ba15e53031cb, parties=[U3]}) 
com.digitalasset.platform.server.api.ApiException: INVALID_ARGUMENT: Command interpretation error in LF-DAMLe: dependency error: couldn't find contract AbsoluteContractId(#7:1). Details: N/A.
16:06:15.326 [sandbox-akka.actor.default-dispatcher-24] ERROR c.d.p.a.s.ApiSubmissionService - Submission of command has failed. (context: {participantId=sandbox-participant, commandId=521af5b4-b1f4-48bd-8fa5-c743427e4414, parties=[U3]}) 
com.digitalasset.platform.server.api.ApiException: INVALID_ARGUMENT: Command interpretation error in LF-DAMLe: dependency error: couldn't find contract AbsoluteContractId(#10:1). Details: N/A.
16:10:18.911 [sandbox-akka.actor.default-dispatcher-36] ERROR c.d.p.a.s.ApiSubmissionService - Submission of command has failed. (context: {participantId=sandbox-participant, commandId=ba67b1b1-4f64-4ad3-b0d1-a6614fe5f3c7, parties=[U3]}) 
com.digitalasset.platform.server.api.ApiException: INVALID_ARGUMENT: Command interpretation error in LF-DAMLe: dependency error: couldn't find contract AbsoluteContractId(#13:1). Details: N/A.
16:14:24.609 [sandbox-akka.actor.default-dispatcher-45] ERROR c.d.p.a.s.ApiSubmissionService - Submission of command has failed. (context: {participantId=sandbox-participant, commandId=30ba642e-72d5-4b48-8dab-0eb203e6e68e, parties=[U2]}) 
com.digitalasset.platform.server.api.ApiException: INVALID_ARGUMENT: Command interpretation error in LF-DAMLe: dependency error: couldn't find contract AbsoluteContractId(#15:0). Details: N/A.
16:17:21.455 [sandbox-akka.actor.default-dispatcher-52] ERROR c.d.p.a.s.ApiSubmissionService - Submission of command has failed. (context: {participantId=sandbox-participant, commandId=fd1f6d4b-9ba8-445d-9936-2fad52863dec, parties=[U3]}) 
com.digitalasset.platform.server.api.ApiException: INVALID_ARGUMENT: Command interpretation error in LF-DAMLe: dependency error: couldn't find contract AbsoluteContractId(#21:1). Details: N/A.
17:16:03.193 [sandbox-akka.actor.default-dispatcher-170] ERROR c.d.p.a.s.ApiSubmissionService - Submission of command has failed. (context: {participantId=sandbox-participant, commandId=af43a840-3078-4dda-8530-5b416e4573e2, parties=[Manager]}) 
com.digitalasset.platform.server.api.ApiException: INVALID_ARGUMENT: Command interpretation error in LF-DAMLe: dependency error: couldn't find contract AbsoluteContractId(#24:1). Details: N/A.
17:25:56.280 [sandbox-akka.actor.default-dispatcher-192] INFO  c.d.p.a.services.ApiCommandService - Shutting down Command Service (context: {participantId=sandbox-participant}) 
17:25:56.281 [sandbox-akka.actor.default-dispatcher-192] INFO  c.d.p.a.services.tracking.TrackerMap - Shutting down 0 trackers (context: {participantId=sandbox-participant}) 
17:25:56.353 [sandbox-akka.actor.default-dispatcher-192] WARN  akka.actor.CoordinatedShutdown - Could not addJvmShutdownHook, due to: Shutdown in progress akkaAddress=akka://sandbox, sourceThread=pool-1-thread-5, akkaSource=CoordinatedShutdown(akka://sandbox), sourceActorSystem=sandbox, akkaTimestamp=11:55:56.350UTC
17:26:42.297 [sandbox-akka.actor.default-dispatcher-4] INFO  akka.event.slf4j.Slf4jLogger - Slf4jLogger started 
17:26:46.048 [sandbox-akka.actor.default-dispatcher-5] INFO  c.d.platform.apiserver.ApiServices - DAML LF Engine supports LF versions: 0, 0.dev, 1.0, 1.1, 1.2, 1.3, 1.4, 1.5, 1.6, 1.7, 1.8, 1.dev; Transaction versions: 1, 2, 3, 4, 5, 6, 7, 8, 9; Value versions: 1, 2, 3, 4, 5, 6, 7 (context: {participantId=sandbox-participant}) 
17:26:47.237 [sandbox-akka.actor.default-dispatcher-5] INFO  c.d.p.apiserver.LedgerApiServer - Listening on localhost:6865 over plain text. (context: {participantId=sandbox-participant}) 
17:26:47.259 [sandbox-akka.actor.default-dispatcher-5] INFO  c.d.platform.sandbox.SandboxServer - Initialized sandbox version 100.13.55 with ledger-id = sandbox-770010d0-a385-43e4-9e9d-47e483ae46a2, port = 6865, dar file = List(./.daml/dist/quickstart-0.0.1.dar), time mode = static time, ledger = in-memory, auth-service = AuthServiceWildcard$, contract ids seeding = no 
17:28:08.337 [sandbox-akka.actor.default-dispatcher-12] INFO  c.d.p.a.s.ApiSubmissionService - Submission of command rejected: INVALID_ARGUMENT: Command interpretation error in LF-DAMLe: dependency error: couldn't find contract AbsoluteContractId(#2:1). Details: N/A. (context: {participantId=sandbox-participant, commandId=403928b5-13c6-4aa1-b47f-68f981313e7c, parties=[Manager]}) 
17:33:07.764 [sandbox-akka.actor.default-dispatcher-25] INFO  c.d.p.a.s.ApiSubmissionService - Submission of command rejected: INVALID_ARGUMENT: Command interpretation error in LF-DAMLe: Interpretation error: Error: User abort: Assertion failed. Details: Last location: [DA.Internal.Assert:19], partial transaction: <empty transaction>. (context: {participantId=sandbox-participant, commandId=a1f0b618-f949-490f-8662-65caa4f90a34, parties=[Manager]}) 
18:00:32.510 [sandbox-akka.actor.default-dispatcher-87] INFO  c.d.p.a.services.ApiCommandService - Shutting down Command Service (context: {participantId=sandbox-participant}) 
18:00:32.511 [sandbox-akka.actor.default-dispatcher-87] INFO  c.d.p.a.services.tracking.TrackerMap - Shutting down 0 trackers (context: {participantId=sandbox-participant}) 
18:00:32.560 [sandbox-akka.actor.default-dispatcher-87] WARN  akka.actor.CoordinatedShutdown - Could not addJvmShutdownHook, due to: Shutdown in progress akkaAddress=akka://sandbox, sourceThread=pool-1-thread-5, akkaSource=CoordinatedShutdown(akka://sandbox), sourceActorSystem=sandbox, akkaTimestamp=12:30:32.557UTC
12:37:55.024 [sandbox-akka.actor.default-dispatcher-5] INFO  akka.event.slf4j.Slf4jLogger - Slf4jLogger started 
12:37:59.318 [sandbox-akka.actor.default-dispatcher-6] INFO  c.d.platform.apiserver.ApiServices - DAML LF Engine supports LF versions: 0, 0.dev, 1.0, 1.1, 1.2, 1.3, 1.4, 1.5, 1.6, 1.7, 1.8, 1.dev; Transaction versions: 1, 2, 3, 4, 5, 6, 7, 8, 9; Value versions: 1, 2, 3, 4, 5, 6, 7 (context: {participantId=sandbox-participant}) 
12:38:00.665 [sandbox-akka.actor.default-dispatcher-6] INFO  c.d.p.apiserver.LedgerApiServer - Listening on localhost:6865 over plain text. (context: {participantId=sandbox-participant}) 
12:38:00.695 [sandbox-akka.actor.default-dispatcher-6] INFO  c.d.platform.sandbox.SandboxServer - Initialized sandbox version 100.13.55 with ledger-id = sandbox-8ebf19c8-23b7-4801-9b37-6cf7fd134979, port = 6865, dar file = List(./.daml/dist/quickstart-0.0.1.dar), time mode = static time, ledger = in-memory, auth-service = AuthServiceWildcard$, contract ids seeding = no 
02:03:13.987 [sandbox-akka.actor.default-dispatcher-1619] INFO  c.d.p.a.services.ApiCommandService - Shutting down Command Service (context: {participantId=sandbox-participant}) 
02:03:16.068 [sandbox-akka.actor.default-dispatcher-1619] INFO  c.d.p.a.services.tracking.TrackerMap - Shutting down 0 trackers (context: {participantId=sandbox-participant}) 
02:03:20.442 [sandbox-akka.actor.default-dispatcher-1627] WARN  akka.actor.CoordinatedShutdown - Could not addJvmShutdownHook, due to: Shutdown in progress akkaAddress=akka://sandbox, sourceThread=pool-1-thread-4, akkaSource=CoordinatedShutdown(akka://sandbox), sourceActorSystem=sandbox, akkaTimestamp=20:33:19.832UTC
19:09:34.256 [sandbox-akka.actor.default-dispatcher-4] INFO  akka.event.slf4j.Slf4jLogger - Slf4jLogger started 
19:09:38.475 [sandbox-akka.actor.default-dispatcher-5] INFO  c.d.platform.apiserver.ApiServices - DAML LF Engine supports LF versions: 0, 0.dev, 1.0, 1.1, 1.2, 1.3, 1.4, 1.5, 1.6, 1.7, 1.8, 1.dev; Transaction versions: 1, 2, 3, 4, 5, 6, 7, 8, 9; Value versions: 1, 2, 3, 4, 5, 6, 7 (context: {participantId=sandbox-participant}) 
19:09:39.494 [sandbox-akka.actor.default-dispatcher-5] INFO  c.d.p.apiserver.LedgerApiServer - Listening on localhost:6865 over plain text. (context: {participantId=sandbox-participant}) 
19:09:39.547 [sandbox-akka.actor.default-dispatcher-5] INFO  c.d.platform.sandbox.SandboxServer - Initialized sandbox version 100.13.55 with ledger-id = sandbox-851b45c4-de9b-45ed-9656-3085da9331c6, port = 6865, dar file = List(./.daml/dist/quickstart-0.0.1.dar), time mode = static time, ledger = in-memory, auth-service = AuthServiceWildcard$, contract ids seeding = no 
19:11:36.439 [sandbox-akka.actor.default-dispatcher-13] INFO  c.d.p.a.services.ApiCommandService - Shutting down Command Service (context: {participantId=sandbox-participant}) 
19:11:36.440 [sandbox-akka.actor.default-dispatcher-13] INFO  c.d.p.a.services.tracking.TrackerMap - Shutting down 0 trackers (context: {participantId=sandbox-participant}) 
19:11:36.518 [sandbox-akka.actor.default-dispatcher-13] WARN  akka.actor.CoordinatedShutdown - Could not addJvmShutdownHook, due to: Shutdown in progress akkaAddress=akka://sandbox, sourceThread=pool-1-thread-8, akkaSource=CoordinatedShutdown(akka://sandbox), sourceActorSystem=sandbox, akkaTimestamp=13:41:36.515UTC
